<?xml version="1.0" encoding="UTF-8" ?>
<testsuite tests="1" failures="0" name="com.compremelhor.model.service.UserServiceTest" time="0.53" errors="1" skipped="0">
  <properties>
[...]
</properties>
  <testcase classname="com.compremelhor.model.service.UserServiceTest" name="com.compremelhor.model.service.UserServiceTest" time="0">
    <error message="Could not invoke deployment method: public static org.jboss.shrinkwrap.api.Archive com.compremelhor.model.service.UserServiceTest.createTestArchive()" type="java.lang.RuntimeException">java.lang.RuntimeException: Could not invoke deployment method: public static org.jboss.shrinkwrap.api.Archive com.compremelhor.model.service.UserServiceTest.createTestArchive()
	at org.jboss.arquillian.container.test.impl.client.deployment.AnnotationDeploymentScenarioGenerator.invoke(AnnotationDeploymentScenarioGenerator.java:181)
	at org.jboss.arquillian.container.test.impl.client.deployment.AnnotationDeploymentScenarioGenerator.generateDeployment(AnnotationDeploymentScenarioGenerator.java:103)
	at org.jboss.arquillian.container.test.impl.client.deployment.AnnotationDeploymentScenarioGenerator.generate(AnnotationDeploymentScenarioGenerator.java:64)
	at org.jboss.arquillian.container.test.impl.client.deployment.DeploymentGenerator.generateDeployment(DeploymentGenerator.java:79)
	at sun.reflect.NativeMethodAccessorImpl.invoke0(Native Method)
	at sun.reflect.NativeMethodAccessorImpl.invoke(NativeMethodAccessorImpl.java:62)
	at sun.reflect.DelegatingMethodAccessorImpl.invoke(DelegatingMethodAccessorImpl.java:43)
	at java.lang.reflect.Method.invoke(Method.java:498)
	at org.jboss.arquillian.core.impl.ObserverImpl.invoke(ObserverImpl.java:94)
	at org.jboss.arquillian.core.impl.EventContextImpl.invokeObservers(EventContextImpl.java:99)
	at org.jboss.arquillian.core.impl.EventContextImpl.proceed(EventContextImpl.java:81)
	at org.jboss.arquillian.core.impl.ManagerImpl.fire(ManagerImpl.java:145)
	at org.jboss.arquillian.core.impl.ManagerImpl.fire(ManagerImpl.java:116)
	at org.jboss.arquillian.core.impl.EventImpl.fire(EventImpl.java:67)
	at org.jboss.arquillian.container.test.impl.client.ContainerEventController.execute(ContainerEventController.java:100)
	at sun.reflect.NativeMethodAccessorImpl.invoke0(Native Method)
	at sun.reflect.NativeMethodAccessorImpl.invoke(NativeMethodAccessorImpl.java:62)
	at sun.reflect.DelegatingMethodAccessorImpl.invoke(DelegatingMethodAccessorImpl.java:43)
	at java.lang.reflect.Method.invoke(Method.java:498)
	at org.jboss.arquillian.core.impl.ObserverImpl.invoke(ObserverImpl.java:94)
	at org.jboss.arquillian.core.impl.EventContextImpl.invokeObservers(EventContextImpl.java:99)
	at org.jboss.arquillian.core.impl.EventContextImpl.proceed(EventContextImpl.java:81)
	at org.jboss.arquillian.test.impl.TestContextHandler.createClassContext(TestContextHandler.java:84)
	at sun.reflect.NativeMethodAccessorImpl.invoke0(Native Method)
	at sun.reflect.NativeMethodAccessorImpl.invoke(NativeMethodAccessorImpl.java:62)
	at sun.reflect.DelegatingMethodAccessorImpl.invoke(DelegatingMethodAccessorImpl.java:43)
	at java.lang.reflect.Method.invoke(Method.java:498)
	at org.jboss.arquillian.core.impl.ObserverImpl.invoke(ObserverImpl.java:94)
	at org.jboss.arquillian.core.impl.EventContextImpl.proceed(EventContextImpl.java:88)
	at org.jboss.arquillian.test.impl.TestContextHandler.createSuiteContext(TestContextHandler.java:65)
	at sun.reflect.NativeMethodAccessorImpl.invoke0(Native Method)
	at sun.reflect.NativeMethodAccessorImpl.invoke(NativeMethodAccessorImpl.java:62)
	at sun.reflect.DelegatingMethodAccessorImpl.invoke(DelegatingMethodAccessorImpl.java:43)
	at java.lang.reflect.Method.invoke(Method.java:498)
	at org.jboss.arquillian.core.impl.ObserverImpl.invoke(ObserverImpl.java:94)
	at org.jboss.arquillian.core.impl.EventContextImpl.proceed(EventContextImpl.java:88)
	at org.jboss.arquillian.core.impl.ManagerImpl.fire(ManagerImpl.java:145)
	at org.jboss.arquillian.core.impl.ManagerImpl.fire(ManagerImpl.java:116)
	at org.jboss.arquillian.test.impl.EventTestRunnerAdaptor.beforeClass(EventTestRunnerAdaptor.java:80)
	at org.jboss.arquillian.junit.Arquillian$2.evaluate(Arquillian.java:190)
	at org.jboss.arquillian.junit.Arquillian.multiExecute(Arquillian.java:345)
	at org.jboss.arquillian.junit.Arquillian.access$200(Arquillian.java:49)
	at org.jboss.arquillian.junit.Arquillian$3.evaluate(Arquillian.java:207)
	at org.junit.runners.ParentRunner.run(ParentRunner.java:309)
	at org.jboss.arquillian.junit.Arquillian.run(Arquillian.java:155)
	at org.apache.maven.surefire.junit4.JUnit4TestSet.execute(JUnit4TestSet.java:53)
	at org.apache.maven.surefire.junit4.JUnit4Provider.executeTestSet(JUnit4Provider.java:123)
	at org.apache.maven.surefire.junit4.JUnit4Provider.invoke(JUnit4Provider.java:104)
	at sun.reflect.NativeMethodAccessorImpl.invoke0(Native Method)
	at sun.reflect.NativeMethodAccessorImpl.invoke(NativeMethodAccessorImpl.java:62)
	at sun.reflect.DelegatingMethodAccessorImpl.invoke(DelegatingMethodAccessorImpl.java:43)
	at java.lang.reflect.Method.invoke(Method.java:498)
	at org.apache.maven.surefire.util.ReflectionUtils.invokeMethodWithArray(ReflectionUtils.java:164)
	at org.apache.maven.surefire.booter.ProviderFactory$ProviderProxy.invoke(ProviderFactory.java:110)
	at org.apache.maven.surefire.booter.SurefireStarter.invokeProvider(SurefireStarter.java:175)
	at org.apache.maven.surefire.booter.SurefireStarter.runSuitesInProcessWhenForked(SurefireStarter.java:107)
	at org.apache.maven.surefire.booter.ForkedBooter.main(ForkedBooter.java:68)
Caused by: java.lang.reflect.InvocationTargetException
	at sun.reflect.NativeMethodAccessorImpl.invoke0(Native Method)
	at sun.reflect.NativeMethodAccessorImpl.invoke(NativeMethodAccessorImpl.java:62)
	at sun.reflect.DelegatingMethodAccessorImpl.invoke(DelegatingMethodAccessorImpl.java:43)
	at java.lang.reflect.Method.invoke(Method.java:498)
	at org.jboss.arquillian.container.test.impl.client.deployment.AnnotationDeploymentScenarioGenerator.invoke(AnnotationDeploymentScenarioGenerator.java:177)
	... 56 more
Caused by: java.lang.IllegalArgumentException: META-INF/persinstence.xml doesn&apos;t exist or can&apos;t be accessed
	at org.jboss.shrinkwrap.impl.base.Validate.notNull(Validate.java:43)
	at org.jboss.shrinkwrap.impl.base.container.ContainerBase.fileFromResource(ContainerBase.java:1966)
	at org.jboss.shrinkwrap.impl.base.container.ContainerBase.addAsResource(ContainerBase.java:1032)
	at org.jboss.shrinkwrap.impl.base.container.ContainerBase.addAsResource(ContainerBase.java:1008)
	at com.compremelhor.model.service.UserServiceTest.createTestArchive(UserServiceTest.java:35)
	... 61 more
</error>
  </testcase>
</testsuite>